[0.035s] Invoking command in '/home/usuario/Documentos/GitHub/IR2117/ros2_ws/build/examples_topics': CMAKE_PREFIX_PATH=/opt/ros/foxy /usr/bin/cmake --build /home/usuario/Documentos/GitHub/IR2117/ros2_ws/build/examples_topics -- -j6 -l6
[0.139s] -- Found ament_cmake: 0.9.11 (/opt/ros/foxy/share/ament_cmake/cmake)
[0.169s] -- Using PYTHON_EXECUTABLE: /usr/bin/python3
[0.373s] -- Found rclcpp: 2.4.2 (/opt/ros/foxy/share/rclcpp/cmake)
[0.416s] -- Using all available rosidl_typesupport_c: rosidl_typesupport_fastrtps_c;rosidl_typesupport_introspection_c
[0.419s] -- Found rosidl_adapter: 1.3.0 (/opt/ros/foxy/share/rosidl_adapter/cmake)
[0.527s] -- Using all available rosidl_typesupport_cpp: rosidl_typesupport_fastrtps_cpp;rosidl_typesupport_introspection_cpp
[0.578s] -- Found rmw_implementation_cmake: 1.0.3 (/opt/ros/foxy/share/rmw_implementation_cmake/cmake)
[0.580s] -- Using RMW implementation 'rmw_fastrtps_cpp' as default
[0.825s] -- Configuring done
[0.922s] -- Generating done
[0.931s] -- Build files have been written to: /home/usuario/Documentos/GitHub/IR2117/ros2_ws/build/examples_topics
[0.999s] [35m[1mScanning dependencies of target publisher[0m
[0.999s] [35m[1mScanning dependencies of target subscriber[0m
[1.083s] [ 25%] [32mBuilding CXX object CMakeFiles/publisher.dir/publisher.cpp.o[0m
[1.084s] [ 50%] [32mBuilding CXX object CMakeFiles/subscriber.dir/subscriber.cpp.o[0m
[201.537s] make[2]: *** Se borra el archivo 'CMakeFiles/subscriber.dir/subscriber.cpp.o'
[201.537s] make[2]: *** Se borra el archivo 'CMakeFiles/publisher.dir/publisher.cpp.o'
[201.538s] make[2]: *** [CMakeFiles/subscriber.dir/build.make:63: CMakeFiles/subscriber.dir/subscriber.cpp.o] Interrupci√≥n
[201.539s] make[2]: *** [CMakeFiles/publisher.dir/build.make:63: CMakeFiles/publisher.dir/publisher.cpp.o] Interrupci√≥n
[201.541s] make[1]: *** [CMakeFiles/Makefile2:80: CMakeFiles/subscriber.dir/all] Interrupci√≥n
[201.541s] make[1]: *** wait: No hay ning√∫n proceso hijo.  Alto.
[201.541s] make[1]: *** Se espera a que terminen otras tareas....
[201.541s] make[1]: *** wait: No hay ning√∫n proceso hijo.  Alto.
[201.541s] make: *** [Makefile:141: all] Error 2
[201.681s] Invoked command in '/home/usuario/Documentos/GitHub/IR2117/ros2_ws/build/examples_topics' returned '-2': CMAKE_PREFIX_PATH=/opt/ros/foxy /usr/bin/cmake --build /home/usuario/Documentos/GitHub/IR2117/ros2_ws/build/examples_topics -- -j6 -l6
