[0.022s] Invoking command in '/home/usuario/Documentos/GitHub/IR2117/ros2_ws/build/examples_topics': CMAKE_PREFIX_PATH=/opt/ros/foxy /usr/bin/cmake /home/usuario/Documentos/GitHub/IR2117/ros2_ws/src/examples/topics -DCMAKE_INSTALL_PREFIX=/home/usuario/Documentos/GitHub/IR2117/ros2_ws/install/examples_topics
[0.418s] -- The C compiler identification is GNU 9.4.0
[0.784s] -- The CXX compiler identification is GNU 9.4.0
[0.798s] -- Check for working C compiler: /usr/bin/cc
[1.124s] -- Check for working C compiler: /usr/bin/cc -- works
[1.130s] -- Detecting C compiler ABI info
[1.457s] -- Detecting C compiler ABI info - done
[1.483s] -- Detecting C compile features
[1.484s] -- Detecting C compile features - done
[1.495s] -- Check for working CXX compiler: /usr/bin/c++
[1.786s] -- Check for working CXX compiler: /usr/bin/c++ -- works
[1.793s] -- Detecting CXX compiler ABI info
[2.066s] -- Detecting CXX compiler ABI info - done
[2.095s] -- Detecting CXX compile features
[2.096s] -- Detecting CXX compile features - done
[2.110s] -- Found ament_cmake: 0.9.11 (/opt/ros/foxy/share/ament_cmake/cmake)
[2.146s] -- Found PythonInterp: /usr/bin/python3 (found suitable version "3.8.10", minimum required is "3") 
[2.146s] -- Using PYTHON_EXECUTABLE: /usr/bin/python3
[2.373s] -- Found rclcpp: 2.4.2 (/opt/ros/foxy/share/rclcpp/cmake)
[2.422s] -- Using all available rosidl_typesupport_c: rosidl_typesupport_fastrtps_c;rosidl_typesupport_introspection_c
[2.430s] -- Found rosidl_adapter: 1.3.0 (/opt/ros/foxy/share/rosidl_adapter/cmake)
[2.502s] -- Found OpenSSL: /usr/lib/x86_64-linux-gnu/libcrypto.so (found version "1.1.1f")  
[2.531s] -- Found FastRTPS: /opt/ros/foxy/include  
[2.604s] -- Using all available rosidl_typesupport_cpp: rosidl_typesupport_fastrtps_cpp;rosidl_typesupport_introspection_cpp
[2.658s] -- Found rmw_implementation_cmake: 1.0.3 (/opt/ros/foxy/share/rmw_implementation_cmake/cmake)
[2.661s] -- Using RMW implementation 'rmw_fastrtps_cpp' as default
[2.670s] -- Looking for pthread.h
[2.940s] -- Looking for pthread.h - found
[2.947s] -- Performing Test CMAKE_HAVE_LIBC_PTHREAD
[3.311s] -- Performing Test CMAKE_HAVE_LIBC_PTHREAD - Failed
[3.311s] -- Looking for pthread_create in pthreads
[3.446s] -- Looking for pthread_create in pthreads - not found
[3.451s] -- Looking for pthread_create in pthread
[3.763s] -- Looking for pthread_create in pthread - found
[3.771s] -- Found Threads: TRUE  
[4.219s] -- Configuring done
[4.232s] -- Generating done
[4.248s] -- Build files have been written to: /home/usuario/Documentos/GitHub/IR2117/ros2_ws/build/examples_topics
[4.255s] Invoked command in '/home/usuario/Documentos/GitHub/IR2117/ros2_ws/build/examples_topics' returned '0': CMAKE_PREFIX_PATH=/opt/ros/foxy /usr/bin/cmake /home/usuario/Documentos/GitHub/IR2117/ros2_ws/src/examples/topics -DCMAKE_INSTALL_PREFIX=/home/usuario/Documentos/GitHub/IR2117/ros2_ws/install/examples_topics
[4.263s] Invoking command in '/home/usuario/Documentos/GitHub/IR2117/ros2_ws/build/examples_topics': CMAKE_PREFIX_PATH=/opt/ros/foxy /usr/bin/cmake --build /home/usuario/Documentos/GitHub/IR2117/ros2_ws/build/examples_topics -- -j6 -l6
[4.394s] [35m[1mScanning dependencies of target publisher[0m
[4.394s] [35m[1mScanning dependencies of target subscriber[0m
[4.574s] [ 50%] [32mBuilding CXX object CMakeFiles/publisher.dir/publisher.cpp.o[0m
[4.574s] [ 50%] [32mBuilding CXX object CMakeFiles/subscriber.dir/subscriber.cpp.o[0m
[176.452s] make[2]: *** Se borra el archivo 'CMakeFiles/subscriber.dir/subscriber.cpp.o'
[176.452s] make[2]: *** [CMakeFiles/subscriber.dir/build.make:63: CMakeFiles/subscriber.dir/subscriber.cpp.o] Interrupci√≥n
[176.452s] make[1]: *** [CMakeFiles/Makefile2:80: CMakeFiles/subscriber.dir/all] Interrupci√≥n
[176.453s] make[2]: *** [CMakeFiles/publisher.dir/build.make:63: CMakeFiles/publisher.dir/publisher.cpp.o] Interrupci√≥n
[176.453s] make[1]: *** [CMakeFiles/Makefile2:107: CMakeFiles/publisher.dir/all] Interrupci√≥n
[176.453s] make: *** [Makefile:141: all] Interrupci√≥n
[176.455s] Invoked command in '/home/usuario/Documentos/GitHub/IR2117/ros2_ws/build/examples_topics' returned '-2': CMAKE_PREFIX_PATH=/opt/ros/foxy /usr/bin/cmake --build /home/usuario/Documentos/GitHub/IR2117/ros2_ws/build/examples_topics -- -j6 -l6
