[0.032s] Invoking command in '/home/usuario/Documentos/GitHub/IR2117/ros2_ws/build/examples_sum': CMAKE_PREFIX_PATH=${CMAKE_PREFIX_PATH}:/opt/ros/foxy /usr/bin/cmake --build /home/usuario/Documentos/GitHub/IR2117/ros2_ws/build/examples_sum -- -j6 -l6
[0.064s] [35m[1mScanning dependencies of target sum[0m
[0.081s] [ 50%] [32mBuilding CXX object CMakeFiles/sum.dir/sum.cpp.o[0m
[1.020s] [01m[K/home/usuario/Documentos/GitHub/IR2117/ros2_ws/src/examples/sum/sum.cpp:6:1:[m[K [01;31m[Kerror: [m[Kâ€˜[01m[Knode[m[Kâ€™ does not name a type
[1.020s]     6 | [01;31m[Knode[m[K publisher;
[1.020s]       | [01;31m[K^~~~[m[K
[1.024s] [01m[K/home/usuario/Documentos/GitHub/IR2117/ros2_ws/src/examples/sum/sum.cpp:[m[K In function â€˜[01m[Kvoid topic_callback(std_msgs::msg::Int32_<std::allocator<void> >::SharedPtr)[m[Kâ€™:
[1.024s] [01m[K/home/usuario/Documentos/GitHub/IR2117/ros2_ws/src/examples/sum/sum.cpp:12:3:[m[K [01;31m[Kerror: [m[Kâ€˜[01m[Kpublisher[m[Kâ€™ was not declared in this scope
[1.024s]    12 |   [01;31m[Kpublisher[m[K->publish(message);
[1.024s]       |   [01;31m[K^~~~~~~~~[m[K
[2.256s] make[2]: *** [CMakeFiles/sum.dir/build.make:63: CMakeFiles/sum.dir/sum.cpp.o] Error 1
[2.256s] make[1]: *** [CMakeFiles/Makefile2:105: CMakeFiles/sum.dir/all] Error 2
[2.257s] make: *** [Makefile:141: all] Error 2
[2.258s] Invoked command in '/home/usuario/Documentos/GitHub/IR2117/ros2_ws/build/examples_sum' returned '2': CMAKE_PREFIX_PATH=${CMAKE_PREFIX_PATH}:/opt/ros/foxy /usr/bin/cmake --build /home/usuario/Documentos/GitHub/IR2117/ros2_ws/build/examples_sum -- -j6 -l6
