[01m[K/home/usuario/Documentos/GitHub/IR2117/ros2_ws/src/examples/sum/sum.cpp:6:1:[m[K [01;31m[Kerror: [m[Kdeclaration of â€˜[01m[Kauto publisher[m[Kâ€™ has no initializer
    6 | [01;31m[Kauto[m[K publisher;
      | [01;31m[K^~~~[m[K
make[2]: *** [CMakeFiles/sum.dir/build.make:63: CMakeFiles/sum.dir/sum.cpp.o] Error 1
make[1]: *** [CMakeFiles/Makefile2:105: CMakeFiles/sum.dir/all] Error 2
make: *** [Makefile:141: all] Error 2
